{
  "RSpec": {
    "coverage": {
      "/Users/Aleksandra/Desktop/Coding_All/Course/week_8/re-Boris/spec/bike_spec.rb": [
        1,
        1,
        1,
        1,
        null,
        null
      ],
      "/Users/Aleksandra/Desktop/Coding_All/Course/week_8/re-Boris/lib/bike.rb": [
        1,
        1,
        0,
        null,
        null
      ],
      "/Users/Aleksandra/Desktop/Coding_All/Course/week_8/re-Boris/spec/docking_station_spec.rb": [
        1,
        null,
        1,
        1,
        1,
        1,
        null,
        1,
        1,
        1,
        1,
        null,
        1,
        2,
        null,
        null,
        null,
        1,
        1,
        1,
        null,
        null,
        1,
        1,
        1,
        null,
        null,
        1,
        21,
        2,
        null,
        null,
        1,
        1,
        null,
        null
      ],
      "/Users/Aleksandra/Desktop/Coding_All/Course/week_8/re-Boris/lib/docking_station.rb": [
        1,
        null,
        1,
        1,
        1,
        7,
        null,
        null,
        1,
        2,
        1,
        null,
        null,
        1,
        23,
        22,
        null,
        null,
        null,
        null,
        null
      ]
    },
    "timestamp": 1564337825
  }
}
