{
  "RSpec": {
    "coverage": {
      "/Users/Aleksandra/Desktop/Coding_All/Course/week_8/re-Boris/spec/bike_spec.rb": [
        1,
        1,
        1,
        1,
        null,
        null
      ],
      "/Users/Aleksandra/Desktop/Coding_All/Course/week_8/re-Boris/lib/bike.rb": [
        1,
        1,
        0,
        null,
        null
      ],
      "/Users/Aleksandra/Desktop/Coding_All/Course/week_8/re-Boris/spec/docking_station_spec.rb": [
        1,
        null,
        1,
        1,
        1,
        1,
        null,
        1,
        1,
        1,
        1,
        null,
        1,
        2,
        null,
        null,
        null,
        1,
        1,
        1,
        null,
        null,
        1,
        1,
        1,
        null,
        null,
        1,
        21,
        2,
        null,
        null,
        1,
        1,
        null,
        null
      ],
      "/Users/Aleksandra/Desktop/Coding_All/Course/week_8/re-Boris/lib/docking_station.rb": [
        1,
        null,
        1,
        1,
        1,
        8,
        null,
        null,
        1,
        3,
        2,
        null,
        null,
        1,
        45,
        43,
        null,
        null,
        null,
        null,
        null,
        1,
        null,
        1,
        3,
        null,
        null,
        1,
        45,
        null,
        null
      ],
      "/Users/Aleksandra/Desktop/Coding_All/Course/week_8/re-Boris/spec/feature_spec.rb": [
        1,
        1,
        null,
        1,
        1,
        1,
        1,
        1,
        1,
        21,
        2,
        null,
        null
      ]
    },
    "timestamp": 1564838786
  }
}
